<?xml version="1.0" encoding="UTF-8"?>
<!-- Generated by org.testng.reporters.JUnitXMLReporter -->
<testsuite ignored="2" hostname="DESKTOP-U3LRL5Q" failures="0" tests="1" name="Test" time="0.037" errors="0" timestamp="2023-05-19T15:31:22 IST">
  <testcase classname="TestFrame.Testscript9" name="test11" time="0.008"/>
  <testcase classname="TestFrame.Testscript9" name="test3" time="0.0">
    <ignored/>
  </testcase> <!-- test3 -->
  <testcase classname="TestFrame.Testscript9" name="test2" time="0.0">
    <ignored/>
  </testcase> <!-- test2 -->
</testsuite> <!-- Test -->
