<?xml version="1.0" encoding="UTF-8"?>
<testng-results ignored="0" total="2" passed="2" failed="0" skipped="0">
  <reporter-output>
  </reporter-output>
  <suite started-at="2023-05-20T12:54:43 IST" name="Suite" finished-at="2023-05-20T12:54:48 IST" duration-ms="5521">
    <groups>
    </groups>
    <test started-at="2023-05-20T12:54:43 IST" name="Test_Chrome" finished-at="2023-05-20T12:54:46 IST" duration-ms="3668">
      <class name="qsp.ParallelExecution">
        <test-method signature="test1(java.lang.String)[pri:0, instance:qsp.ParallelExecution@6a84a97d]" started-at="2023-05-20T12:54:43 IST" name="test1" finished-at="2023-05-20T12:54:46 IST" duration-ms="3637" status="PASS">
          <params>
            <param index="0">
              <value>
                <![CDATA[chrome]]>
              </value>
            </param>
          </params>
          <reporter-output>
          </reporter-output>
        </test-method> <!-- test1 -->
      </class> <!-- qsp.ParallelExecution -->
    </test> <!-- Test_Chrome -->
    <test started-at="2023-05-20T12:54:43 IST" name="Test_Firefox" finished-at="2023-05-20T12:54:48 IST" duration-ms="5521">
      <class name="qsp.ParallelExecution">
        <test-method signature="test1(java.lang.String)[pri:0, instance:qsp.ParallelExecution@3541cb24]" started-at="2023-05-20T12:54:43 IST" name="test1" finished-at="2023-05-20T12:54:48 IST" duration-ms="5492" status="PASS">
          <params>
            <param index="0">
              <value>
                <![CDATA[firefox]]>
              </value>
            </param>
          </params>
          <reporter-output>
          </reporter-output>
        </test-method> <!-- test1 -->
      </class> <!-- qsp.ParallelExecution -->
    </test> <!-- Test_Firefox -->
  </suite> <!-- Suite -->
</testng-results>
